<?xml version="1.0" encoding="UTF-8"?>
<!-- Generated by org.testng.reporters.JUnitXMLReporter -->
<testsuite ignored="0" hostname="MGTECHLPT311" failures="1" tests="1" name="ChromeTest" time="15.314" errors="0" timestamp="2023-07-21T16:02:24 IST">
  <testcase classname="io.cucumber.testng.AbstractTestNGCucumberTests" name="runScenario" time="11.852">
    <failure type="java.lang.AssertionError" message="expected [true] but found [false]">
      <![CDATA[java.lang.AssertionError: expected [true] but found [false]
at stepDefinitions.CheckOutPage_Step.user_verify_the_product_qty_and_price_of_the_product(CheckOutPage_Step.java:109)
at âœ½.User verify the product qty and price of the product(file:///C:/Users/kpkmt942/eclipse-workspace/EndToEnd_OpenCart_CucumberProject/src/main/java/Features/OpenCartAllScenario.feature:60)
... Removed 4 stack frames]]>
    </failure>
  </testcase> <!-- runScenario -->
</testsuite> <!-- ChromeTest -->
