<?xml version="1.0" encoding="UTF-8"?>
<!-- Generated by org.testng.reporters.JUnitXMLReporter -->
<testsuite ignored="0" hostname="MGTECHLPT311" failures="4" tests="4" name="Test2" time="23.977" errors="0" timestamp="2023-07-09T01:21:08 IST">
  <testcase classname="io.cucumber.testng.AbstractTestNGCucumberTests" name="runScenario" time="6.157">
    <failure type="java.lang.AssertionError">
      <![CDATA[java.lang.AssertionError
at org.junit.Assert.fail(Assert.java:87)
at org.junit.Assert.assertTrue(Assert.java:42)
at org.junit.Assert.assertTrue(Assert.java:53)
at stepDefinitions.steps.user_navigates_to_my_account_page(steps.java:83)
at ✽.User navigates to MyAccount Page(file:///C:/Users/kpkmt942/eclipse-workspace/opencart_jaccoDemo/src/main/java/Features/Login.feature:9)
]]>
    </failure>
  </testcase> <!-- runScenario -->
  <testcase classname="io.cucumber.testng.AbstractTestNGCucumberTests" name="runScenario" time="4.597">
    <failure type="java.lang.AssertionError">
      <![CDATA[java.lang.AssertionError
at org.junit.Assert.fail(Assert.java:87)
at org.junit.Assert.assertTrue(Assert.java:42)
at org.junit.Assert.assertTrue(Assert.java:53)
at stepDefinitions.steps.user_navigates_to_my_account_page(steps.java:83)
at ✽.User navigates to MyAccount Page(file:///C:/Users/kpkmt942/eclipse-workspace/opencart_jaccoDemo/src/main/java/Features/Login.feature:18)
]]>
    </failure>
  </testcase> <!-- runScenario -->
  <testcase classname="io.cucumber.testng.AbstractTestNGCucumberTests" name="runScenario" time="4.416">
    <failure type="java.lang.AssertionError">
      <![CDATA[java.lang.AssertionError
at org.junit.Assert.fail(Assert.java:87)
at org.junit.Assert.assertTrue(Assert.java:42)
at org.junit.Assert.assertTrue(Assert.java:53)
at stepDefinitions.steps.user_navigates_to_my_account_page(steps.java:83)
at ✽.User navigates to MyAccount Page(file:///C:/Users/kpkmt942/eclipse-workspace/opencart_jaccoDemo/src/main/java/Features/LoginDDT.feature:9)
]]>
    </failure>
  </testcase> <!-- runScenario -->
  <testcase classname="io.cucumber.testng.AbstractTestNGCucumberTests" name="runScenario" time="4.338">
    <failure type="java.lang.AssertionError">
      <![CDATA[java.lang.AssertionError
at org.junit.Assert.fail(Assert.java:87)
at org.junit.Assert.assertTrue(Assert.java:42)
at org.junit.Assert.assertTrue(Assert.java:53)
at stepDefinitions.steps.user_navigates_to_my_account_page(steps.java:83)
at ✽.User navigates to MyAccount Page(file:///C:/Users/kpkmt942/eclipse-workspace/opencart_jaccoDemo/src/main/java/Features/LoginDDT.feature:9)
]]>
    </failure>
  </testcase> <!-- runScenario -->
</testsuite> <!-- Test2 -->
