<html>
<head>
<title>TestNG:  Test2</title>
<link href="../testng.css" rel="stylesheet" type="text/css" />
<link href="../my-testng.css" rel="stylesheet" type="text/css" />

<style type="text/css">
.log { display: none;} 
.stack-trace { display: none;} 
</style>
<script type="text/javascript">
<!--
function flip(e) {
  current = e.style.display;
  if (current == 'block') {
    e.style.display = 'none';
    return 0;
  }
  else {
    e.style.display = 'block';
    return 1;
  }
}

function toggleBox(szDivId, elem, msg1, msg2)
{
  var res = -1;  if (document.getElementById) {
    res = flip(document.getElementById(szDivId));
  }
  else if (document.all) {
    // this is the way old msie versions work
    res = flip(document.all[szDivId]);
  }
  if(elem) {
    if(res == 0) elem.innerHTML = msg1; else elem.innerHTML = msg2;
  }

}

function toggleAllBoxes() {
  if (document.getElementsByTagName) {
    d = document.getElementsByTagName('div');
    for (i = 0; i < d.length; i++) {
      if (d[i].className == 'log') {
        flip(d[i]);
      }
    }
  }
}

// -->
</script>

</head>
<body>
<h2 align='center'>Test2</h2><table border='1' align="center">
<tr>
<td>Tests passed/Failed/Skipped:</td><td>0/4/0</td>
</tr><tr>
<td>Started on:</td><td>Sun Jul 09 01:20:44 IST 2023</td>
</tr>
<tr><td>Total time:</td><td>23 seconds (23977 ms)</td>
</tr><tr>
<td>Included groups:</td><td></td>
</tr><tr>
<td>Excluded groups:</td><td></td>
</tr>
</table><p/>
<small><i>(Hover the method name to see the test class name)</i></small><p/>
<table width='100%' border='1' class='invocation-failed'>
<tr><td colspan='4' align='center'><b>FAILED TESTS</b></td></tr>
<tr><td><b>Test method</b></td>
<td width="30%"><b>Exception</b></td>
<td width="10%"><b>Time (seconds)</b></td>
<td><b>Instance</b></td>
</tr>
<tr>
<td title='testRunner.TestNgRunner.runScenario()'><b>runScenario</b><br>Test class: testRunner.TestNgRunner<br>Test method: Runs Cucumber Scenarios<br>Parameters: "Successful Login with Valid Credentials", "Login with Valid Credentials"</td>
<td><div><pre>java.lang.AssertionError
	at org.junit.Assert.fail(Assert.java:87)
	at org.junit.Assert.assertTrue(Assert.java:42)
	at org.junit.Assert.assertTrue(Assert.java:53)
	at stepDefinitions.steps.user_navigates_to_my_account_page(steps.java:83)
	at ✽.User navigates to MyAccount Page(file:///C:/Users/kpkmt942/eclipse-workspace/opencart_jaccoDemo/src/main/java/Features/Login.feature:18)
</pre></div><a href='#' onClick='toggleBox("stack-trace1283963239", this, "Click to show all stack frames", "Click to hide stack frames")'>Click to show all stack frames</a>
<div class='stack-trace' id='stack-trace1283963239'><pre>java.lang.AssertionError
	at org.junit.Assert.fail(Assert.java:87)
	at org.junit.Assert.assertTrue(Assert.java:42)
	at org.junit.Assert.assertTrue(Assert.java:53)
	at stepDefinitions.steps.user_navigates_to_my_account_page(steps.java:83)
	at ✽.User navigates to MyAccount Page(file:///C:/Users/kpkmt942/eclipse-workspace/opencart_jaccoDemo/src/main/java/Features/Login.feature:18)
</pre></div></td>
<td>4</td>
<td>testRunner.TestNgRunner@14028087</td></tr>
<tr>
<td title='testRunner.TestNgRunner.runScenario()'><b>runScenario</b><br>Test class: testRunner.TestNgRunner<br>Test method: Runs Cucumber Scenarios<br>Parameters: "Login Data Driven", "Login Data Driven"</td>
<td><div><pre>java.lang.AssertionError
	at org.junit.Assert.fail(Assert.java:87)
	at org.junit.Assert.assertTrue(Assert.java:42)
	at org.junit.Assert.assertTrue(Assert.java:53)
	at stepDefinitions.steps.user_navigates_to_my_account_page(steps.java:83)
	at ✽.User navigates to MyAccount Page(file:///C:/Users/kpkmt942/eclipse-workspace/opencart_jaccoDemo/src/main/java/Features/LoginDDT.feature:9)
</pre></div><a href='#' onClick='toggleBox("stack-trace791699778", this, "Click to show all stack frames", "Click to hide stack frames")'>Click to show all stack frames</a>
<div class='stack-trace' id='stack-trace791699778'><pre>java.lang.AssertionError
	at org.junit.Assert.fail(Assert.java:87)
	at org.junit.Assert.assertTrue(Assert.java:42)
	at org.junit.Assert.assertTrue(Assert.java:53)
	at stepDefinitions.steps.user_navigates_to_my_account_page(steps.java:83)
	at ✽.User navigates to MyAccount Page(file:///C:/Users/kpkmt942/eclipse-workspace/opencart_jaccoDemo/src/main/java/Features/LoginDDT.feature:9)
</pre></div></td>
<td>4</td>
<td>testRunner.TestNgRunner@14028087</td></tr>
<tr>
<td title='testRunner.TestNgRunner.runScenario()'><b>runScenario</b><br>Test class: testRunner.TestNgRunner<br>Test method: Runs Cucumber Scenarios<br>Parameters: "Successful Login with Valid Credentials", "Login with Valid Credentials"</td>
<td><div><pre>java.lang.AssertionError
	at org.junit.Assert.fail(Assert.java:87)
	at org.junit.Assert.assertTrue(Assert.java:42)
	at org.junit.Assert.assertTrue(Assert.java:53)
	at stepDefinitions.steps.user_navigates_to_my_account_page(steps.java:83)
	at ✽.User navigates to MyAccount Page(file:///C:/Users/kpkmt942/eclipse-workspace/opencart_jaccoDemo/src/main/java/Features/Login.feature:9)
</pre></div><a href='#' onClick='toggleBox("stack-trace2089314150", this, "Click to show all stack frames", "Click to hide stack frames")'>Click to show all stack frames</a>
<div class='stack-trace' id='stack-trace2089314150'><pre>java.lang.AssertionError
	at org.junit.Assert.fail(Assert.java:87)
	at org.junit.Assert.assertTrue(Assert.java:42)
	at org.junit.Assert.assertTrue(Assert.java:53)
	at stepDefinitions.steps.user_navigates_to_my_account_page(steps.java:83)
	at ✽.User navigates to MyAccount Page(file:///C:/Users/kpkmt942/eclipse-workspace/opencart_jaccoDemo/src/main/java/Features/Login.feature:9)
</pre></div></td>
<td>6</td>
<td>testRunner.TestNgRunner@14028087</td></tr>
<tr>
<td title='testRunner.TestNgRunner.runScenario()'><b>runScenario</b><br>Test class: testRunner.TestNgRunner<br>Test method: Runs Cucumber Scenarios<br>Parameters: "Login Data Driven", "Login Data Driven"</td>
<td><div><pre>java.lang.AssertionError
	at org.junit.Assert.fail(Assert.java:87)
	at org.junit.Assert.assertTrue(Assert.java:42)
	at org.junit.Assert.assertTrue(Assert.java:53)
	at stepDefinitions.steps.user_navigates_to_my_account_page(steps.java:83)
	at ✽.User navigates to MyAccount Page(file:///C:/Users/kpkmt942/eclipse-workspace/opencart_jaccoDemo/src/main/java/Features/LoginDDT.feature:9)
</pre></div><a href='#' onClick='toggleBox("stack-trace1188125646", this, "Click to show all stack frames", "Click to hide stack frames")'>Click to show all stack frames</a>
<div class='stack-trace' id='stack-trace1188125646'><pre>java.lang.AssertionError
	at org.junit.Assert.fail(Assert.java:87)
	at org.junit.Assert.assertTrue(Assert.java:42)
	at org.junit.Assert.assertTrue(Assert.java:53)
	at stepDefinitions.steps.user_navigates_to_my_account_page(steps.java:83)
	at ✽.User navigates to MyAccount Page(file:///C:/Users/kpkmt942/eclipse-workspace/opencart_jaccoDemo/src/main/java/Features/LoginDDT.feature:9)
</pre></div></td>
<td>4</td>
<td>testRunner.TestNgRunner@14028087</td></tr>
</table><p>
</body>
</html>