<?xml version="1.0" encoding="UTF-8"?>
<testng-results ignored="0" total="1" passed="0" failed="1" skipped="0">
  <reporter-output>
  </reporter-output>
  <suite started-at="2023-07-21T16:02:09 IST" name="Suite" finished-at="2023-07-21T16:02:24 IST" duration-ms="15314">
    <groups>
      <group name="cucumber">
        <method signature="AbstractTestNGCucumberTests.runScenario(io.cucumber.testng.PickleWrapper,io.cucumber.testng.FeatureWrapper)[pri:0, instance:testRunner.TestNgRunner@35dab4eb]" name="runScenario" class="io.cucumber.testng.AbstractTestNGCucumberTests"/>
      </group> <!-- cucumber -->
    </groups>
    <test started-at="2023-07-21T16:02:09 IST" name="ChromeTest" finished-at="2023-07-21T16:02:24 IST" duration-ms="15314">
      <class name="testRunner.TestNgRunner">
        <test-method is-config="true" signature="setUpClass(org.testng.ITestContext)[pri:0, instance:testRunner.TestNgRunner@35dab4eb]" started-at="2023-07-21T16:02:09 IST" name="setUpClass" finished-at="2023-07-21T16:02:10 IST" duration-ms="1062" status="PASS">
          <params>
            <param index="0">
              <value>
                <![CDATA[org.testng.TestRunner@2438dcd]]>
              </value>
            </param>
          </params>
          <reporter-output>
          </reporter-output>
        </test-method> <!-- setUpClass -->
        <test-method is-config="true" signature="DefineBrowser(java.lang.String)[pri:0, instance:testRunner.TestNgRunner@35dab4eb]" started-at="2023-07-21T16:02:10 IST" name="DefineBrowser" finished-at="2023-07-21T16:02:10 IST" duration-ms="2" status="PASS">
          <params>
            <param index="0">
              <value>
                <![CDATA[chrome]]>
              </value>
            </param>
          </params>
          <reporter-output>
          </reporter-output>
        </test-method> <!-- DefineBrowser -->
        <test-method signature="runScenario(io.cucumber.testng.PickleWrapper,io.cucumber.testng.FeatureWrapper)[pri:0, instance:testRunner.TestNgRunner@35dab4eb]" started-at="2023-07-21T16:02:10 IST" name="runScenario" description="Runs Cucumber Scenarios" data-provider="scenarios" finished-at="2023-07-21T16:02:22 IST" duration-ms="11852" status="FAIL">
          <params>
            <param index="0">
              <value>
                <![CDATA["User sueccessfully performe the product checkout"]]>
              </value>
            </param>
            <param index="1">
              <value>
                <![CDATA["Login with Valid Credentials"]]>
              </value>
            </param>
          </params>
          <exception class="java.lang.AssertionError">
            <message>
              <![CDATA[expected [true] but found [false]]]>
            </message>
            <full-stacktrace>
              <![CDATA[java.lang.AssertionError: expected [true] but found [false]
at org.testng.Assert.fail(Assert.java:99)
at org.testng.Assert.failNotEquals(Assert.java:1037)
at org.testng.Assert.assertTrue(Assert.java:45)
at org.testng.Assert.assertTrue(Assert.java:55)
at stepDefinitions.CheckOutPage_Step.user_verify_the_product_qty_and_price_of_the_product(CheckOutPage_Step.java:109)
at âœ½.User verify the product qty and price of the product(file:///C:/Users/kpkmt942/eclipse-workspace/EndToEnd_OpenCart_CucumberProject/src/main/java/Features/OpenCartAllScenario.feature:60)
]]>
            </full-stacktrace>
          </exception> <!-- java.lang.AssertionError -->
          <reporter-output>
          </reporter-output>
        </test-method> <!-- runScenario -->
        <test-method is-config="true" signature="tearDownClass()[pri:0, instance:testRunner.TestNgRunner@35dab4eb]" started-at="2023-07-21T16:02:22 IST" name="tearDownClass" finished-at="2023-07-21T16:02:24 IST" duration-ms="2359" status="PASS">
          <reporter-output>
          </reporter-output>
        </test-method> <!-- tearDownClass -->
      </class> <!-- testRunner.TestNgRunner -->
    </test> <!-- ChromeTest -->
  </suite> <!-- Suite -->
</testng-results>
