<?xml version="1.0" encoding="UTF-8"?>
<!-- Generated by org.testng.reporters.JUnitReportReporter -->
<testsuite hostname="MGTECHLPT311" failures="1" tests="1" name="testRunner.TestNgRunner" time="11.852" errors="0" timestamp="2023-07-21T16:02:24 IST" skipped="0">
  <testcase classname="testRunner.TestNgRunner" name="runScenario" time="11.852">
    <failure message="expected [true] but found [false]" type="java.lang.AssertionError">
      <![CDATA[java.lang.AssertionError: expected [true] but found [false]
at org.testng.Assert.fail(Assert.java:99)
at org.testng.Assert.failNotEquals(Assert.java:1037)
at org.testng.Assert.assertTrue(Assert.java:45)
at org.testng.Assert.assertTrue(Assert.java:55)
at stepDefinitions.CheckOutPage_Step.user_verify_the_product_qty_and_price_of_the_product(CheckOutPage_Step.java:109)
at âœ½.User verify the product qty and price of the product(file:///C:/Users/kpkmt942/eclipse-workspace/EndToEnd_OpenCart_CucumberProject/src/main/java/Features/OpenCartAllScenario.feature:60)
]]>
    </failure>
  </testcase> <!-- runScenario -->
  <system-out/>
</testsuite> <!-- testRunner.TestNgRunner -->
